# JRE version: OpenJDK Runtime Environment Microsoft-13106358 (17.0.18+8) (build 17.0.18+8-LTS)
# Java VM: OpenJDK 64-Bit Server VM Microsoft-13106358 (17.0.18+8-LTS, mixed mode, sharing, tiered, compressed oops, compressed class ptrs, g1 gc, windows-amd64)
GC Precious Log:
 CPUs: 8 total, 8 available
 Memory: 3929M
 Large Page Support: Disabled
 NUMA Support: Disabled
 Compressed Oops: Enabled (32-bit)
 Heap Region Size: 1M
 Heap Min Capacity: 8M
 Heap Initial Capacity: 62M
 Heap Max Capacity: 984M
 Pre-touch: Disabled
 Parallel Workers: 8
 Concurrent Workers: 2
 Concurrent Refinement Workers: 8
 Periodic GC: Disabled
Heap:
 garbage-first heap   total 102400K, used 34497K [0x00000000c2800000, 0x0000000100000000)
  region size 1024K, 5 young (5120K), 5 survivors (5120K)
 Metaspace       used 74611K, committed 75072K, reserved 1179648K
  class space    used 9064K, committed 9280K, reserved 1048576K
GC Heap History (20 events):
Event: 14.692 GC heap after
{Heap after GC invocations=25 (full 0):
 garbage-first heap   total 84992K, used 26852K [0x00000000c2800000, 0x0000000100000000)
  region size 1024K, 4 young (4096K), 4 survivors (4096K)
 Metaspace       used 46841K, committed 47232K, reserved 1114112K
  class space    used 5437K, committed 5632K, reserved 1048576K
}
Event: 15.690 GC heap before
{Heap before GC invocations=25 (full 0):
 garbage-first heap   total 84992K, used 68836K [0x00000000c2800000, 0x0000000100000000)
  region size 1024K, 45 young (46080K), 4 survivors (4096K)
 Metaspace       used 49180K, committed 49600K, reserved 1114112K
  class space    used 5669K, committed 5888K, reserved 1048576K
}
Event: 15.711 GC heap after
{Heap after GC invocations=26 (full 0):
 garbage-first heap   total 84992K, used 27979K [0x00000000c2800000, 0x0000000100000000)
  region size 1024K, 4 young (4096K), 4 survivors (4096K)
 Metaspace       used 49180K, committed 49600K, reserved 1114112K
  class space    used 5669K, committed 5888K, reserved 1048576K
}
Event: 16.129 GC heap before
{Heap before GC invocations=26 (full 0):
 garbage-first heap   total 84992K, used 69963K [0x00000000c2800000, 0x0000000100000000)
  region size 1024K, 45 young (46080K), 4 survivors (4096K)
 Metaspace       used 51231K, committed 51648K, reserved 1114112K
  class space    used 5901K, committed 6080K, reserved 1048576K
}
Event: 16.140 GC heap after
{Heap after GC invocations=27 (full 0):
 garbage-first heap   total 102400K, used 28308K [0x00000000c2800000, 0x0000000100000000)
  region size 1024K, 4 young (4096K), 4 survivors (4096K)
 Metaspace       used 51231K, committed 51648K, reserved 1114112K
  class space    used 5901K, committed 6080K, reserved 1048576K
}
Event: 16.955 GC heap before
{Heap before GC invocations=27 (full 0):
 garbage-first heap   total 102400K, used 85652K [0x00000000c2800000, 0x0000000100000000)
  region size 1024K, 60 young (61440K), 4 survivors (4096K)
 Metaspace       used 54671K, committed 55104K, reserved 1114112K
  class space    used 6396K, committed 6592K, reserved 1048576K
}
Event: 16.972 GC heap after
{Heap after GC invocations=28 (full 0):
 garbage-first heap   total 102400K, used 29668K [0x00000000c2800000, 0x0000000100000000)
  region size 1024K, 5 young (5120K), 5 survivors (5120K)
 Metaspace       used 54671K, committed 55104K, reserved 1114112K
  class space    used 6396K, committed 6592K, reserved 1048576K
}
Event: 17.928 GC heap before
{Heap before GC invocations=28 (full 0):
 garbage-first heap   total 102400K, used 85988K [0x00000000c2800000, 0x0000000100000000)
  region size 1024K, 60 young (61440K), 5 survivors (5120K)
 Metaspace       used 57441K, committed 57856K, reserved 1114112K
  class space    used 6776K, committed 6976K, reserved 1048576K
}
Event: 17.942 GC heap after
{Heap after GC invocations=29 (full 0):
 garbage-first heap   total 102400K, used 30151K [0x00000000c2800000, 0x0000000100000000)
  region size 1024K, 4 young (4096K), 4 survivors (4096K)
 Metaspace       used 57441K, committed 57856K, reserved 1114112K
  class space    used 6776K, committed 6976K, reserved 1048576K
}
Event: 18.646 GC heap before
{Heap before GC invocations=29 (full 0):
 garbage-first heap   total 102400K, used 78279K [0x00000000c2800000, 0x0000000100000000)
  region size 1024K, 52 young (53248K), 4 survivors (4096K)
 Metaspace       used 59880K, committed 60288K, reserved 1114112K
  class space    used 7031K, committed 7232K, reserved 1048576K
}
Event: 18.656 GC heap after
{Heap after GC invocations=30 (full 0):
 garbage-first heap   total 102400K, used 30464K [0x00000000c2800000, 0x0000000100000000)
  region size 1024K, 4 young (4096K), 4 survivors (4096K)
 Metaspace       used 59880K, committed 60288K, reserved 1114112K
  class space    used 7031K, committed 7232K, reserved 1048576K
}
Event: 19.644 GC heap before
{Heap before GC invocations=31 (full 0):
 garbage-first heap   total 102400K, used 86784K [0x00000000c2800000, 0x0000000100000000)
  region size 1024K, 59 young (60416K), 4 survivors (4096K)
 Metaspace       used 62693K, committed 63040K, reserved 1114112K
  class space    used 7377K, committed 7552K, reserved 1048576K
}
Event: 19.670 GC heap after
{Heap after GC invocations=32 (full 0):
 garbage-first heap   total 102400K, used 31129K [0x00000000c2800000, 0x0000000100000000)
  region size 1024K, 5 young (5120K), 5 survivors (5120K)
 Metaspace       used 62693K, committed 63040K, reserved 1114112K
  class space    used 7377K, committed 7552K, reserved 1048576K
}
Event: 21.080 GC heap before
{Heap before GC invocations=32 (full 0):
 garbage-first heap   total 102400K, used 84377K [0x00000000c2800000, 0x0000000100000000)
  region size 1024K, 58 young (59392K), 5 survivors (5120K)
 Metaspace       used 66515K, committed 66944K, reserved 1114112K
  class space    used 8042K, committed 8256K, reserved 1048576K
}
Event: 21.102 GC heap after
{Heap after GC invocations=33 (full 0):
 garbage-first heap   total 102400K, used 31602K [0x00000000c2800000, 0x0000000100000000)
  region size 1024K, 4 young (4096K), 4 survivors (4096K)
 Metaspace       used 66515K, committed 66944K, reserved 1114112K
  class space    used 8042K, committed 8256K, reserved 1048576K
}
Event: 24.432 GC heap before
{Heap before GC invocations=33 (full 0):
 garbage-first heap   total 102400K, used 85874K [0x00000000c2800000, 0x0000000100000000)
  region size 1024K, 58 young (59392K), 4 survivors (4096K)
 Metaspace       used 69460K, committed 69888K, reserved 1114112K
  class space    used 8434K, committed 8640K, reserved 1048576K
}
Event: 24.454 GC heap after
{Heap after GC invocations=34 (full 0):
 garbage-first heap   total 102400K, used 33412K [0x00000000c2800000, 0x0000000100000000)
  region size 1024K, 6 young (6144K), 6 survivors (6144K)
 Metaspace       used 69460K, committed 69888K, reserved 1114112K
  class space    used 8434K, committed 8640K, reserved 1048576K
}
Event: 25.651 GC heap before
{Heap before GC invocations=34 (full 0):
 garbage-first heap   total 102400K, used 84612K [0x00000000c2800000, 0x0000000100000000)
  region size 1024K, 56 young (57344K), 6 survivors (6144K)
 Metaspace       used 72257K, committed 72704K, reserved 1114112K
  class space    used 8767K, committed 8960K, reserved 1048576K
}
Event: 25.675 GC heap after
{Heap after GC invocations=35 (full 0):
 garbage-first heap   total 102400K, used 33672K [0x00000000c2800000, 0x0000000100000000)
  region size 1024K, 4 young (4096K), 4 survivors (4096K)
 Metaspace       used 72257K, committed 72704K, reserved 1114112K
  class space    used 8767K, committed 8960K, reserved 1048576K
}
Event: 26.362 GC heap before
{Heap before GC invocations=35 (full 0):
 garbage-first heap   total 102400K, used 86920K [0x00000000c2800000, 0x0000000100000000)
  region size 1024K, 56 young (57344K), 4 survivors (4096K)
 Metaspace       used 74611K, committed 75072K, reserved 1179648K
  class space    used 9064K, committed 9280K, reserved 1048576K
}

