# JRE version: OpenJDK Runtime Environment Microsoft-13106358 (17.0.18+8) (build 17.0.18+8-LTS)
# Java VM: OpenJDK 64-Bit Server VM Microsoft-13106358 (17.0.18+8-LTS, mixed mode, sharing, tiered, compressed oops, compressed class ptrs, g1 gc, windows-amd64)
GC Precious Log:
 CPUs: 8 total, 8 available
 Memory: 3929M
 Large Page Support: Disabled
 NUMA Support: Disabled
 Compressed Oops: Enabled (32-bit)
 Heap Region Size: 1M
 Heap Min Capacity: 8M
 Heap Initial Capacity: 62M
 Heap Max Capacity: 984M
 Pre-touch: Disabled
 Parallel Workers: 8
 Concurrent Workers: 2
 Concurrent Refinement Workers: 8
 Periodic GC: Disabled
Heap:
 garbage-first heap   total 122880K, used 99119K [0x00000000c2800000, 0x0000000100000000)
  region size 1024K, 66 young (67584K), 6 survivors (6144K)
 Metaspace       used 83294K, committed 83840K, reserved 1179648K
  class space    used 10107K, committed 10368K, reserved 1048576K
GC Heap History (20 events):
Event: 7.437 GC heap before
{Heap before GC invocations=23 (full 0):
 garbage-first heap   total 245760K, used 171590K [0x00000000c2800000, 0x0000000100000000)
  region size 1024K, 144 young (147456K), 2 survivors (2048K)
 Metaspace       used 51935K, committed 52352K, reserved 1114112K
  class space    used 5993K, committed 6208K, reserved 1048576K
}
Event: 7.448 GC heap after
{Heap after GC invocations=24 (full 0):
 garbage-first heap   total 245760K, used 28980K [0x00000000c2800000, 0x0000000100000000)
  region size 1024K, 5 young (5120K), 5 survivors (5120K)
 Metaspace       used 51935K, committed 52352K, reserved 1114112K
  class space    used 5993K, committed 6208K, reserved 1048576K
}
Event: 8.546 GC heap before
{Heap before GC invocations=24 (full 0):
 garbage-first heap   total 245760K, used 171316K [0x00000000c2800000, 0x0000000100000000)
  region size 1024K, 144 young (147456K), 5 survivors (5120K)
 Metaspace       used 59492K, committed 59968K, reserved 1114112K
  class space    used 7025K, committed 7232K, reserved 1048576K
}
Event: 8.553 GC heap after
{Heap after GC invocations=25 (full 0):
 garbage-first heap   total 245760K, used 30927K [0x00000000c2800000, 0x0000000100000000)
  region size 1024K, 7 young (7168K), 7 survivors (7168K)
 Metaspace       used 59492K, committed 59968K, reserved 1114112K
  class space    used 7025K, committed 7232K, reserved 1048576K
}
Event: 8.568 GC heap before
{Heap before GC invocations=25 (full 0):
 garbage-first heap   total 245760K, used 37071K [0x00000000c2800000, 0x0000000100000000)
  region size 1024K, 14 young (14336K), 7 survivors (7168K)
 Metaspace       used 59741K, committed 60160K, reserved 1114112K
  class space    used 7031K, committed 7232K, reserved 1048576K
}
Event: 8.575 GC heap after
{Heap after GC invocations=26 (full 0):
 garbage-first heap   total 245760K, used 31081K [0x00000000c2800000, 0x0000000100000000)
  region size 1024K, 7 young (7168K), 7 survivors (7168K)
 Metaspace       used 59741K, committed 60160K, reserved 1114112K
  class space    used 7031K, committed 7232K, reserved 1048576K
}
Event: 8.978 GC heap before
{Heap before GC invocations=27 (full 0):
 garbage-first heap   total 122880K, used 96617K [0x00000000c2800000, 0x0000000100000000)
  region size 1024K, 72 young (73728K), 7 survivors (7168K)
 Metaspace       used 63403K, committed 63808K, reserved 1114112K
  class space    used 7615K, committed 7808K, reserved 1048576K
}
Event: 9.001 GC heap after
{Heap after GC invocations=28 (full 0):
 garbage-first heap   total 122880K, used 31968K [0x00000000c2800000, 0x0000000100000000)
  region size 1024K, 3 young (3072K), 3 survivors (3072K)
 Metaspace       used 63403K, committed 63808K, reserved 1114112K
  class space    used 7615K, committed 7808K, reserved 1048576K
}
Event: 9.022 GC heap before
{Heap before GC invocations=28 (full 0):
 garbage-first heap   total 122880K, used 35040K [0x00000000c2800000, 0x0000000100000000)
  region size 1024K, 6 young (6144K), 3 survivors (3072K)
 Metaspace       used 63610K, committed 64000K, reserved 1114112K
  class space    used 7632K, committed 7808K, reserved 1048576K
}
Event: 9.030 GC heap after
{Heap after GC invocations=29 (full 0):
 garbage-first heap   total 122880K, used 31861K [0x00000000c2800000, 0x0000000100000000)
  region size 1024K, 1 young (1024K), 1 survivors (1024K)
 Metaspace       used 63610K, committed 64000K, reserved 1114112K
  class space    used 7632K, committed 7808K, reserved 1048576K
}
Event: 9.565 GC heap before
{Heap before GC invocations=29 (full 0):
 garbage-first heap   total 122880K, used 104565K [0x00000000c2800000, 0x0000000100000000)
  region size 1024K, 72 young (73728K), 1 survivors (1024K)
 Metaspace       used 68125K, committed 68544K, reserved 1114112K
  class space    used 8278K, committed 8448K, reserved 1048576K
}
Event: 9.570 GC heap after
{Heap after GC invocations=30 (full 0):
 garbage-first heap   total 122880K, used 32063K [0x00000000c2800000, 0x0000000100000000)
  region size 1024K, 1 young (1024K), 1 survivors (1024K)
 Metaspace       used 68125K, committed 68544K, reserved 1114112K
  class space    used 8278K, committed 8448K, reserved 1048576K
}
Event: 9.962 GC heap before
{Heap before GC invocations=30 (full 0):
 garbage-first heap   total 122880K, used 104767K [0x00000000c2800000, 0x0000000100000000)
  region size 1024K, 72 young (73728K), 1 survivors (1024K)
 Metaspace       used 71853K, committed 72320K, reserved 1114112K
  class space    used 8749K, committed 8960K, reserved 1048576K
}
Event: 9.970 GC heap after
{Heap after GC invocations=31 (full 0):
 garbage-first heap   total 122880K, used 33421K [0x00000000c2800000, 0x0000000100000000)
  region size 1024K, 3 young (3072K), 3 survivors (3072K)
 Metaspace       used 71853K, committed 72320K, reserved 1114112K
  class space    used 8749K, committed 8960K, reserved 1048576K
}
Event: 10.395 GC heap before
{Heap before GC invocations=31 (full 0):
 garbage-first heap   total 122880K, used 104077K [0x00000000c2800000, 0x0000000100000000)
  region size 1024K, 72 young (73728K), 3 survivors (3072K)
 Metaspace       used 75290K, committed 75776K, reserved 1179648K
  class space    used 9169K, committed 9408K, reserved 1048576K
}
Event: 10.402 GC heap after
{Heap after GC invocations=32 (full 0):
 garbage-first heap   total 122880K, used 34774K [0x00000000c2800000, 0x0000000100000000)
  region size 1024K, 4 young (4096K), 4 survivors (4096K)
 Metaspace       used 75290K, committed 75776K, reserved 1179648K
  class space    used 9169K, committed 9408K, reserved 1048576K
}
Event: 10.851 GC heap before
{Heap before GC invocations=32 (full 0):
 garbage-first heap   total 122880K, used 104406K [0x00000000c2800000, 0x0000000100000000)
  region size 1024K, 72 young (73728K), 4 survivors (4096K)
 Metaspace       used 77668K, committed 78208K, reserved 1179648K
  class space    used 9449K, committed 9728K, reserved 1048576K
}
Event: 10.861 GC heap after
{Heap after GC invocations=33 (full 0):
 garbage-first heap   total 122880K, used 36897K [0x00000000c2800000, 0x0000000100000000)
  region size 1024K, 6 young (6144K), 6 survivors (6144K)
 Metaspace       used 77668K, committed 78208K, reserved 1179648K
  class space    used 9449K, committed 9728K, reserved 1048576K
}
Event: 11.290 GC heap before
{Heap before GC invocations=33 (full 0):
 garbage-first heap   total 122880K, used 103457K [0x00000000c2800000, 0x0000000100000000)
  region size 1024K, 71 young (72704K), 6 survivors (6144K)
 Metaspace       used 80517K, committed 81024K, reserved 1179648K
  class space    used 9771K, committed 10048K, reserved 1048576K
}
Event: 11.301 GC heap after
{Heap after GC invocations=34 (full 0):
 garbage-first heap   total 122880K, used 38703K [0x00000000c2800000, 0x0000000100000000)
  region size 1024K, 6 young (6144K), 6 survivors (6144K)
 Metaspace       used 80517K, committed 81024K, reserved 1179648K
  class space    used 9771K, committed 10048K, reserved 1048576K
}

